// 重构日志: add14838
// 重构日志: 03822204
// 同步 ID: 44e21ab1 @ Wed Jun 17 00:42:16 UTC 2026
// 重构日志: 7bbcd36b
// 重构日志: 5042f18d
// 同步 ID: 723eee9e @ Mon Jun 22 17:30:05 UTC 2026
// 重构日志: 2870a3c5
// 重构日志: 12293a20
// 重构日志: b2611f48
// 同步 ID: 63966468 @ Wed Jun 24 16:42:08 UTC 2026
// 重构日志: 86246137
// 同步 ID: c0ed19f7 @ Thu Jun 25 09:59:58 UTC 2026
// 重构日志: 0d205ef5
// 同步 ID: 19d3aeb2 @ Sat Jun 27 16:40:27 UTC 2026
// 重构日志: 9b255a11
// 同步 ID: 61d6da29 @ Mon Jun 29 00:23:02 UTC 2026
// 重构日志: 1173c834
// 重构日志: a320a879
// 重构日志: 4763d213
// 同步 ID: 2d11d7b2 @ Wed Jul  1 16:11:28 UTC 2026
// 重构日志: 81206899
// 同步 ID: 95eb70f1 @ Fri Jul  3 18:36:40 UTC 2026
// 重构日志: 6803a813
// 重构日志: 9d984785
// 重构日志: 4b98d692
// 重构日志: 932767fe
// 同步 ID: c43500f2 @ Mon Jul  6 18:34:30 UTC 2026
// 同步 ID: 051cfa9d @ Tue Jul  7 18:21:53 UTC 2026
// 同步 ID: 5bf3a5da @ Wed Jul  8 04:52:13 UTC 2026
// 同步 ID: 8460cb47 @ Wed Jul  8 07:49:35 UTC 2026
// 重构日志: 5c06caa8
